~~~~~~~~~~~~~~~~~~~~~~~~~~~~~~~~~~~~~~~~~~~~~~~~~~~~~~~~~~~~~~~~~~~~~~~~~~~~~~~~~~~~~~~~~~~~~~~~~~~~~~~~~~~~~
Run number read from file: 7948

Job 1/1
Running sjdkay_Job.txt for 7948
Submitting batch
Parsing script ... (it may take while)
<jsub><request><index>31203311</index><jobIndex>66314015</jobIndex></request></jsub>
 
7948 has an AugerID of 66314015
~~~~~~~~~~~~~~~~~~~~~~~~~~~~~~~~~~~~~~~~~~~~~~~~~~~~~~~~~~~~~~~~~~~~~~~~~~~~~~~~~~~~~~~~~~~~~~~~~~~~~~~~~~~~~
 
###############################################################################################################
############################################ END OF JOB SUBMISSIONS ###########################################
###############################################################################################################
 
7948 has an AugerID of 66314015
~~~~~~~~~~~~~~~~~~~~~~~~~~~~~~~~~~~~~~~~~~~~~~~~~~~~~~~~~~~~~~~~~~~~~~~~~~~~~~~~~~~~~~~~~~~~~~~~~~~~~~~~~~~~~
JOB_ID    USER      STAT    QUEUE      EXEC_HOST   JOB_NAME         SUBMIT_TIME   CPU_TIME  WALLTIME  ACCOUNT    
66314015  sjdkay      R    prod64      farm180115 KaonLT_7948       Apr 29 14:43  --         --         hallc     
 
There is 1 job remaining
~~~~~~~~~~~~~~~~~~~~~~~~~~~~~~~~~~~~~~~~~~~~~~~~~~~~~~~~~~~~~~~~~~~~~~~~~~~~~~~~~~~~~~~~~~~~~~~~~~~~~~~~~~~~~
JOB_ID    USER      STAT    QUEUE      EXEC_HOST   JOB_NAME         SUBMIT_TIME   CPU_TIME  WALLTIME  ACCOUNT    
 
There are 0 jobs remaining
~~~~~~~~~~~~~~~~~~~~~~~~~~~~~~~~~~~~~~~~~~~~~~~~~~~~~~~~~~~~~~~~~~~~~~~~~~~~~~~~~~~~~~~~~~~~~~~~~~~~~~~~~~~~~
grep: batch_OUTPUT/KaonLT_7948.out: No such file or directory
grep: batch_OUTPUT/KaonLT_7948.out: No such file or directory
_
|ID-66314015 (run 7948) has printed batch job information to file
|Amount of allocated memory used: /
