~~~~~~~~~~~~~~~~~~~~~~~~~~~~~~~~~~~~~~~~~~~~~~~~~~~~~~~~~~~~~~~~~~~~~~~~~~~~~~~~~~~~~~~~~~~~~~~~~~~~~~~~~~~~~
~~~~~~~~~~~~~~~~~~~~~~~~~~~~~~~~~~~~~~~~~~~~~~~~~~~~~~~~~~~~~~~~~~~~~~~~~~~~~~~~~~~~~~~~~~~~~~~~~~~~~~~~~~~~~
Errors...
 
 > BANKS 	 version:  1.3
 > CCDB 	 version:  1.06.02
 > CLHEP 	 version:  2.3.4.3
 > EVIO 	 version:  5.1
 > GEANT4 	 version:  4.10.02.p03
 > GEMC 	 version:  devel
 > JANA 	 version:  0.7.7p1
 > MLIBRARY 	 version:  1.1
 > MYSQL 	 installed in  /site/12gev_phys/2.1/Linux_CentOS7.2.1511-x86_64-gcc4.8.5/mysql/lib
 > QT   	 version:  5.8.0
 > ROOT 	 version:  6.10.02
 > SCONS 	 version:  1.5
 > XERCESC 	 version:  3.1.4
 > BANKS 	 version:  1.3
 > CCDB 	 version:  1.06.02
 > CLHEP 	 version:  2.3.4.3
 > EVIO 	 version:  5.1
 > GEANT4 	 version:  4.10.02.p03
 > GEMC 	 version:  devel
 > JANA 	 version:  0.7.7p1
 > MLIBRARY 	 version:  1.1
 > MYSQL 	 installed in  /site/12gev_phys/2.1/Linux_CentOS7.2.1511-x86_64-gcc4.8.5/mysql/lib
 > QT   	 version:  5.8.0
 > ROOT 	 version:  6.10.02
 > SCONS 	 version:  1.5
 > XERCESC 	 version:  3.1.4
Error in <THaFormula::Compile>:  Bad numerical expression : "whenselectingstubforchamber"

THaCodaFile: ERROR while trying to open ./raw/coin_all_07948.dat: Unknown error -2139947005
~~~~~~~~~~~~~~~~~~~~~~~~~~~~~~~~~~~~~~~~~~~~~~~~~~~~~~~~~~~~~~~~~~~~~~~~~~~~~~~~~~~~~~~~~~~~~~~~~~~~~~~~~~~~~
Job info...
 

Auger JobId: 66314015 [PBS JobId: 51429969]

04/29/2019 14:42:51  A     Name=KaonLT_7948;User=sjdkay;queue=prod64
04/29/2019 14:43:46  A     Stagin started
04/29/2019 14:43:46  A     Job started
04/29/2019 14:44:38  A     Job started
04/29/2019 14:44:38  A     Job completed

Job: 51429969.farmpbs14

04/29/2019 14:43:20  S    enqueuing into prod64, state 2 hop 1
04/29/2019 14:43:20  S    Holds u released at request of sjdkay@farmpbs14
04/29/2019 14:43:20  A    queue=prod64
04/29/2019 14:43:40  S    Job Run at request of root@farmpbs14
04/29/2019 14:43:40  A    user=sjdkay group=enp account=hallc jobname=KaonLT_7948 queue=prod64 ctime=1556563400 qtime=1556563400 etime=1556563400 start=1556563420 owner=sjdkay@farmpbs14 exec_host=farm180115/0 Resource_List.arch=centos7 Resource_List.file=2929687kb Resource_List.mem=1250mb Resource_List.neednodes=1:ppn=1 Resource_List.nodect=1 Resource_List.nodes=1:ppn=1 Resource_List.vmem=2500mb Resource_List.walltime=24:00:00 
04/29/2019 14:44:40  S    Exit_status=0 resources_used.cput=00:00:17 resources_used.mem=9504kb resources_used.vmem=612484kb resources_used.walltime=00:01:00
04/29/2019 14:44:40  S    on_job_exit valid pjob: 51429969.farmpbs14 (substate=50)
04/29/2019 14:44:40  S    dequeuing from prod64, state COMPLETE
04/29/2019 14:44:40  A    user=sjdkay group=enp account=hallc jobname=KaonLT_7948 queue=prod64 ctime=1556563400 qtime=1556563400 etime=1556563400 start=1556563420 owner=sjdkay@farmpbs14 exec_host=farm180115/0 Resource_List.arch=centos7 Resource_List.file=2929687kb Resource_List.mem=1250mb Resource_List.neednodes=1:ppn=1 Resource_List.nodect=1 Resource_List.nodes=1:ppn=1 Resource_List.vmem=2500mb Resource_List.walltime=24:00:00 session=187434 end=1556563480 Exit_status=0 resources_used.cput=00:00:17 resources_used.mem=9504kb resources_used.vmem=612484kb resources_used.walltime=00:01:00

~~~~~~~~~~~~~~~~~~~~~~~~~~~~~~~~~~~~~~~~~~~~~~~~~~~~~~~~~~~~~~~~~~~~~~~~~~~~~~~~~~~~~~~~~~~~~~~~~~~~~~~~~~~~~
~~~~~~~~~~~~~~~~~~~~~~~~~~~~~~~~~~~~~~~~~~~~~~~~~~~~~~~~~~~~~~~~~~~~~~~~~~~~~~~~~~~~~~~~~~~~~~~~~~~~~~~~~~~~~
~~~~~~~~~~~~~~~~~~~~~~~~~~~~~~~~~~~~~~~~~~~~~~~~~~~~~~~~~~~~~~~~~~~~~~~~~~~~~~~~~~~~~~~~~~~~~~~~~~~~~~~~~~~~~
~~~~~~~~~~~~~~~~~~~~~~~~~~~~~~~~~~~~~~~~~~~~~~~~~~~~~~~~~~~~~~~~~~~~~~~~~~~~~~~~~~~~~~~~~~~~~~~~~~~~~~~~~~~~~
Errors...
 
 > BANKS 	 version:  1.3
 > CCDB 	 version:  1.06.02
 > CLHEP 	 version:  2.3.4.3
 > EVIO 	 version:  5.1
 > GEANT4 	 version:  4.10.02.p03
 > GEMC 	 version:  devel
 > JANA 	 version:  0.7.7p1
 > MLIBRARY 	 version:  1.1
 > MYSQL 	 installed in  /site/12gev_phys/2.1/Linux_CentOS7.2.1511-x86_64-gcc4.8.5/mysql/lib
 > QT   	 version:  5.8.0
 > ROOT 	 version:  6.10.02
 > SCONS 	 version:  1.5
 > XERCESC 	 version:  3.1.4
 > BANKS 	 version:  1.3
 > CCDB 	 version:  1.06.02
 > CLHEP 	 version:  2.3.4.3
 > EVIO 	 version:  5.1
 > GEANT4 	 version:  4.10.02.p03
 > GEMC 	 version:  devel
 > JANA 	 version:  0.7.7p1
 > MLIBRARY 	 version:  1.1
 > MYSQL 	 installed in  /site/12gev_phys/2.1/Linux_CentOS7.2.1511-x86_64-gcc4.8.5/mysql/lib
 > QT   	 version:  5.8.0
 > ROOT 	 version:  6.10.02
 > SCONS 	 version:  1.5
 > XERCESC 	 version:  3.1.4
/u/group/c-kaonlt/USERS/sjdkay/hallc_replay_kaonlt/UTIL_KAONLT/Batch_Template.sh: line 41: /u/group/c-kaonlt/USERS/sjdkay/hallc_replay_kaonly/hcana: No such file or directory
~~~~~~~~~~~~~~~~~~~~~~~~~~~~~~~~~~~~~~~~~~~~~~~~~~~~~~~~~~~~~~~~~~~~~~~~~~~~~~~~~~~~~~~~~~~~~~~~~~~~~~~~~~~~~
Job info...
 

Auger JobId: 66315017 [PBS JobId: 51430690]

04/29/2019 14:54:09  A     Name=KaonLT_7948;User=sjdkay;queue=prod64
04/29/2019 15:08:04  A     Stagin started
04/29/2019 15:08:04  A     Job started
04/29/2019 15:08:51  A     Job started
04/29/2019 15:08:51  A     Job completed

Job: 51430690.farmpbs14

04/29/2019 14:54:37  S    enqueuing into prod64, state 2 hop 1
04/29/2019 14:54:37  S    Holds u released at request of sjdkay@farmpbs14
04/29/2019 14:54:37  A    queue=prod64
04/29/2019 15:07:28  S    Job Run at request of root@farmpbs14
04/29/2019 15:07:28  A    user=sjdkay group=enp account=hallc jobname=KaonLT_7948 queue=prod64 ctime=1556564077 qtime=1556564077 etime=1556564077 start=1556564848 owner=sjdkay@farmpbs14 exec_host=farm13015/2 Resource_List.arch=centos7 Resource_List.file=2929687kb Resource_List.mem=1250mb Resource_List.neednodes=1:ppn=1 Resource_List.nodect=1 Resource_List.nodes=1:ppn=1 Resource_List.vmem=2500mb Resource_List.walltime=24:00:00 
04/29/2019 15:08:54  S    Exit_status=127 resources_used.cput=00:00:13 resources_used.mem=9536kb resources_used.vmem=612488kb resources_used.walltime=00:01:26
04/29/2019 15:08:54  S    on_job_exit valid pjob: 51430690.farmpbs14 (substate=50)
04/29/2019 15:08:54  S    dequeuing from prod64, state COMPLETE
04/29/2019 15:08:54  A    user=sjdkay group=enp account=hallc jobname=KaonLT_7948 queue=prod64 ctime=1556564077 qtime=1556564077 etime=1556564077 start=1556564848 owner=sjdkay@farmpbs14 exec_host=farm13015/2 Resource_List.arch=centos7 Resource_List.file=2929687kb Resource_List.mem=1250mb Resource_List.neednodes=1:ppn=1 Resource_List.nodect=1 Resource_List.nodes=1:ppn=1 Resource_List.vmem=2500mb Resource_List.walltime=24:00:00 session=22113 end=1556564934 Exit_status=127 resources_used.cput=00:00:13 resources_used.mem=9536kb resources_used.vmem=612488kb resources_used.walltime=00:01:26

~~~~~~~~~~~~~~~~~~~~~~~~~~~~~~~~~~~~~~~~~~~~~~~~~~~~~~~~~~~~~~~~~~~~~~~~~~~~~~~~~~~~~~~~~~~~~~~~~~~~~~~~~~~~~
~~~~~~~~~~~~~~~~~~~~~~~~~~~~~~~~~~~~~~~~~~~~~~~~~~~~~~~~~~~~~~~~~~~~~~~~~~~~~~~~~~~~~~~~~~~~~~~~~~~~~~~~~~~~~
